c:\users\jredd\source\repos\c++\c++\debug\vc141.pdb
c:\users\jredd\source\repos\c++\c++\debug\vc141.idb
c:\users\jredd\source\repos\c++\c++\debug\menu.obj
c:\users\jredd\source\repos\c++\c++\debug\main.obj
c:\users\jredd\source\repos\c++\debug\c++.exe
c:\users\jredd\source\repos\c++\debug\c++.ilk
c:\users\jredd\source\repos\c++\debug\c++.pdb
c:\users\jredd\source\repos\git\c++\c++\debug\main.obj
c:\users\jredd\source\repos\git\c++\c++\debug\menu.obj
c:\users\jredd\source\repos\git\c++\c++\debug\vc141.idb
c:\users\jredd\source\repos\git\c++\c++\debug\vc141.pdb
c:\users\jredd\source\repos\git\c++\debug\c++.pdb
c:\users\jredd\source\repos\git\c++\debug\c++.exe
c:\users\jredd\source\repos\git\c++\debug\c++.ilk
c:\users\jredd\source\repos\git\c++\c++\debug\c++.tlog\cl.command.1.tlog
c:\users\jredd\source\repos\git\c++\c++\debug\c++.tlog\cl.read.1.tlog
c:\users\jredd\source\repos\git\c++\c++\debug\c++.tlog\cl.write.1.tlog
c:\users\jredd\source\repos\git\c++\c++\debug\c++.tlog\link.command.1.tlog
c:\users\jredd\source\repos\git\c++\c++\debug\c++.tlog\link.read.1.tlog
c:\users\jredd\source\repos\git\c++\c++\debug\c++.tlog\link.write.1.tlog
