c:\users\jredd\source\repos\c++\journal 1 - creating classes\debug\vc141.pdb
c:\users\jredd\source\repos\c++\journal 1 - creating classes\debug\vc141.idb
c:\users\jredd\source\repos\c++\journal 1 - creating classes\debug\main.obj
c:\users\jredd\source\repos\c++\journal 1 - creating classes\debug\fraction.obj
c:\users\jredd\source\repos\c++\debug\journal 1 - creating classes.exe
c:\users\jredd\source\repos\c++\debug\journal 1 - creating classes.ilk
c:\users\jredd\source\repos\c++\debug\journal 1 - creating classes.pdb
c:\users\jredd\source\repos\git\c++\journal 1 - creating classes\debug\fraction.obj
c:\users\jredd\source\repos\git\c++\journal 1 - creating classes\debug\main.obj
c:\users\jredd\source\repos\git\c++\journal 1 - creating classes\debug\vc141.idb
c:\users\jredd\source\repos\git\c++\journal 1 - creating classes\debug\vc141.pdb
c:\users\jredd\source\repos\git\c++\debug\journal 1 - creating classes.pdb
c:\users\jredd\source\repos\git\c++\debug\journal 1 - creating classes.exe
c:\users\jredd\source\repos\git\c++\debug\journal 1 - creating classes.ilk
c:\users\jredd\source\repos\git\c++\journal 1 - creating classes\debug\journal .0eb57e79.tlog\cl.command.1.tlog
c:\users\jredd\source\repos\git\c++\journal 1 - creating classes\debug\journal .0eb57e79.tlog\cl.read.1.tlog
c:\users\jredd\source\repos\git\c++\journal 1 - creating classes\debug\journal .0eb57e79.tlog\cl.write.1.tlog
c:\users\jredd\source\repos\git\c++\journal 1 - creating classes\debug\journal .0eb57e79.tlog\link.command.1.tlog
c:\users\jredd\source\repos\git\c++\journal 1 - creating classes\debug\journal .0eb57e79.tlog\link.read.1.tlog
c:\users\jredd\source\repos\git\c++\journal 1 - creating classes\debug\journal .0eb57e79.tlog\link.write.1.tlog
