c:\users\jredd\source\repos\c++\journal 2 constructors\debug\vc141.pdb
c:\users\jredd\source\repos\c++\journal 2 constructors\debug\vc141.idb
c:\users\jredd\source\repos\c++\journal 2 constructors\debug\main.obj
c:\users\jredd\source\repos\c++\journal 2 constructors\debug\fraction.obj
c:\users\jredd\source\repos\c++\debug\journal 2 constructors.exe
c:\users\jredd\source\repos\c++\debug\journal 2 constructors.ilk
c:\users\jredd\source\repos\c++\debug\journal 2 constructors.pdb
c:\users\jredd\source\repos\git\c++\journal 2 constructors\debug\fraction.obj
c:\users\jredd\source\repos\git\c++\journal 2 constructors\debug\main.obj
c:\users\jredd\source\repos\git\c++\journal 2 constructors\debug\vc141.idb
c:\users\jredd\source\repos\git\c++\journal 2 constructors\debug\vc141.pdb
c:\users\jredd\source\repos\git\c++\debug\journal 2 constructors.pdb
c:\users\jredd\source\repos\git\c++\debug\journal 2 constructors.exe
c:\users\jredd\source\repos\git\c++\debug\journal 2 constructors.ilk
c:\users\jredd\source\repos\git\c++\journal 2 constructors\debug\journal .82c01290.tlog\cl.command.1.tlog
c:\users\jredd\source\repos\git\c++\journal 2 constructors\debug\journal .82c01290.tlog\cl.read.1.tlog
c:\users\jredd\source\repos\git\c++\journal 2 constructors\debug\journal .82c01290.tlog\cl.write.1.tlog
c:\users\jredd\source\repos\git\c++\journal 2 constructors\debug\journal .82c01290.tlog\link.command.1.tlog
c:\users\jredd\source\repos\git\c++\journal 2 constructors\debug\journal .82c01290.tlog\link.read.1.tlog
c:\users\jredd\source\repos\git\c++\journal 2 constructors\debug\journal .82c01290.tlog\link.write.1.tlog
