c:\users\jredd\source\repos\c++\assignment 2 - class construction\debug\vc141.pdb
c:\users\jredd\source\repos\c++\assignment 2 - class construction\debug\vc141.idb
c:\users\jredd\source\repos\c++\assignment 2 - class construction\debug\main.obj
c:\users\jredd\source\repos\c++\assignment 2 - class construction\debug\integer.obj
c:\users\jredd\source\repos\c++\assignment 2 - class construction\debug\double.obj
c:\users\jredd\source\repos\c++\debug\assignment 2 - class construction.exe
c:\users\jredd\source\repos\c++\debug\assignment 2 - class construction.ilk
c:\users\jredd\source\repos\c++\debug\assignment 2 - class construction.pdb
c:\users\jredd\source\repos\git\c++\assignment 2 - class construction\debug\double.obj
c:\users\jredd\source\repos\git\c++\assignment 2 - class construction\debug\integer.obj
c:\users\jredd\source\repos\git\c++\assignment 2 - class construction\debug\main.obj
c:\users\jredd\source\repos\git\c++\assignment 2 - class construction\debug\vc141.idb
c:\users\jredd\source\repos\git\c++\assignment 2 - class construction\debug\vc141.pdb
c:\users\jredd\source\repos\git\c++\debug\assignment 2 - class construction.pdb
c:\users\jredd\source\repos\git\c++\debug\assignment 2 - class construction.exe
c:\users\jredd\source\repos\git\c++\debug\assignment 2 - class construction.ilk
c:\users\jredd\source\repos\git\c++\assignment 2 - class construction\debug\assignme.82fabe38.tlog\cl.command.1.tlog
c:\users\jredd\source\repos\git\c++\assignment 2 - class construction\debug\assignme.82fabe38.tlog\cl.read.1.tlog
c:\users\jredd\source\repos\git\c++\assignment 2 - class construction\debug\assignme.82fabe38.tlog\cl.write.1.tlog
c:\users\jredd\source\repos\git\c++\assignment 2 - class construction\debug\assignme.82fabe38.tlog\link.command.1.tlog
c:\users\jredd\source\repos\git\c++\assignment 2 - class construction\debug\assignme.82fabe38.tlog\link.read.1.tlog
c:\users\jredd\source\repos\git\c++\assignment 2 - class construction\debug\assignme.82fabe38.tlog\link.write.1.tlog
