c:\users\jredd\source\repos\c++\assignment 3 - overloaded constructors\debug\vc141.pdb
c:\users\jredd\source\repos\c++\assignment 3 - overloaded constructors\debug\vc141.idb
c:\users\jredd\source\repos\c++\assignment 3 - overloaded constructors\debug\main.obj
c:\users\jredd\source\repos\c++\assignment 3 - overloaded constructors\debug\integer.obj
c:\users\jredd\source\repos\c++\assignment 3 - overloaded constructors\debug\double.obj
c:\users\jredd\source\repos\c++\debug\assignment 3 - overloaded constructors.exe
c:\users\jredd\source\repos\c++\debug\assignment 3 - overloaded constructors.ilk
c:\users\jredd\source\repos\c++\debug\assignment 3 - overloaded constructors.pdb
c:\users\jredd\source\repos\git\c++\assignment 3 - overloaded constructors\debug\double.obj
c:\users\jredd\source\repos\git\c++\assignment 3 - overloaded constructors\debug\integer.obj
c:\users\jredd\source\repos\git\c++\assignment 3 - overloaded constructors\debug\main.obj
c:\users\jredd\source\repos\git\c++\assignment 3 - overloaded constructors\debug\vc141.idb
c:\users\jredd\source\repos\git\c++\assignment 3 - overloaded constructors\debug\vc141.pdb
c:\users\jredd\source\repos\git\c++\debug\assignment 3 - overloaded constructors.pdb
c:\users\jredd\source\repos\git\c++\debug\assignment 3 - overloaded constructors.exe
c:\users\jredd\source\repos\git\c++\debug\assignment 3 - overloaded constructors.ilk
c:\users\jredd\source\repos\git\c++\assignment 3 - overloaded constructors\debug\assignme.e5764707.tlog\cl.command.1.tlog
c:\users\jredd\source\repos\git\c++\assignment 3 - overloaded constructors\debug\assignme.e5764707.tlog\cl.read.1.tlog
c:\users\jredd\source\repos\git\c++\assignment 3 - overloaded constructors\debug\assignme.e5764707.tlog\cl.write.1.tlog
c:\users\jredd\source\repos\git\c++\assignment 3 - overloaded constructors\debug\assignme.e5764707.tlog\link.command.1.tlog
c:\users\jredd\source\repos\git\c++\assignment 3 - overloaded constructors\debug\assignme.e5764707.tlog\link.read.1.tlog
c:\users\jredd\source\repos\git\c++\assignment 3 - overloaded constructors\debug\assignme.e5764707.tlog\link.write.1.tlog
