c:\users\jredd\source\repos\c++\assignment 4 using complex types - vectors\debug\vc141.pdb
c:\users\jredd\source\repos\c++\assignment 4 using complex types - vectors\debug\vc141.idb
c:\users\jredd\source\repos\c++\assignment 4 using complex types - vectors\debug\main.obj
c:\users\jredd\source\repos\c++\assignment 4 using complex types - vectors\debug\integer.obj
c:\users\jredd\source\repos\c++\assignment 4 using complex types - vectors\debug\double.obj
c:\users\jredd\source\repos\c++\assignment 4 using complex types - vectors\debug\menu.obj
c:\users\jredd\source\repos\c++\debug\assignment 4 using complex types - vectors.exe
c:\users\jredd\source\repos\c++\debug\assignment 4 using complex types - vectors.ilk
c:\users\jredd\source\repos\c++\debug\assignment 4 using complex types - vectors.pdb
c:\users\jredd\source\repos\git\c++\assignment 4 using complex types - vectors\debug\double.obj
c:\users\jredd\source\repos\git\c++\assignment 4 using complex types - vectors\debug\integer.obj
c:\users\jredd\source\repos\git\c++\assignment 4 using complex types - vectors\debug\main.obj
c:\users\jredd\source\repos\git\c++\assignment 4 using complex types - vectors\debug\menu.obj
c:\users\jredd\source\repos\git\c++\assignment 4 using complex types - vectors\debug\vc141.idb
c:\users\jredd\source\repos\git\c++\assignment 4 using complex types - vectors\debug\vc141.pdb
c:\users\jredd\source\repos\git\c++\debug\assignment 4 using complex types - vectors.pdb
c:\users\jredd\source\repos\git\c++\debug\assignment 4 using complex types - vectors.exe
c:\users\jredd\source\repos\git\c++\debug\assignment 4 using complex types - vectors.ilk
c:\users\jredd\source\repos\git\c++\assignment 4 using complex types - vectors\debug\assignme.9818e9ea.tlog\cl.command.1.tlog
c:\users\jredd\source\repos\git\c++\assignment 4 using complex types - vectors\debug\assignme.9818e9ea.tlog\cl.read.1.tlog
c:\users\jredd\source\repos\git\c++\assignment 4 using complex types - vectors\debug\assignme.9818e9ea.tlog\cl.write.1.tlog
c:\users\jredd\source\repos\git\c++\assignment 4 using complex types - vectors\debug\assignme.9818e9ea.tlog\link.command.1.tlog
c:\users\jredd\source\repos\git\c++\assignment 4 using complex types - vectors\debug\assignme.9818e9ea.tlog\link.read.1.tlog
c:\users\jredd\source\repos\git\c++\assignment 4 using complex types - vectors\debug\assignme.9818e9ea.tlog\link.write.1.tlog
